seed,2034783931
cribbage.RandomPlayer,P0
cribbage.RandomPlayer,P1
deal,P0,[4S,5C,5S,6S,9C,JC]
deal,P1,[3C,4C,8C,JD,KC,KD]
discard,P0,[6S,9C]
discard,P1,[3C,8C]
starter,KS
play,P0,4,4S
play,P1,14,JD
play,P0,24,JC
score,P0,2,2,pair2
play,P1,28,4C
score,P1,1,1,go
play,P0,5,5C
play,P1,15,KC
score,P1,3,2,fifteen
play,P0,20,5S
play,P1,30,KD
score,P1,4,1,go
show,P0,KS+[4S,5C,5S,JC]
score,P0,4,2,fifteen,[5C,JC]
score,P0,6,2,fifteen,[5C,KS]
score,P0,8,2,fifteen,[5S,JC]
score,P0,10,2,fifteen,[5S,KS]
score,P0,12,2,pair2,[5C,5S]
show,P1,KS+[4C,JD,KC,KD]
score,P1,10,6,pair3,[KC,KD,KS]
show,P1,KS+[3C,6S,8C,9C]
score,P1,12,2,fifteen,[6S,9C]
